[debug] [2025-01-21T20:02:27.997Z] ----------------------------------------------------------------------
[debug] [2025-01-21T20:02:28.001Z] Command:       C:\Program Files\nodejs\node.exe C:\Users\leshi\AppData\Roaming\npm\node_modules\firebase-tools\lib\bin\firebase.js emulators:start
[debug] [2025-01-21T20:02:28.002Z] CLI Version:   13.28.0
[debug] [2025-01-21T20:02:28.002Z] Platform:      win32
[debug] [2025-01-21T20:02:28.002Z] Node Version:  v22.11.0
[debug] [2025-01-21T20:02:28.003Z] Time:          Tue Jan 21 2025 22:02:28 GMT+0200 (South Africa Standard Time)
[debug] [2025-01-21T20:02:28.003Z] ----------------------------------------------------------------------
[debug] 
[debug] [2025-01-21T20:02:28.208Z] > command requires scopes: ["email","openid","https://www.googleapis.com/auth/cloudplatformprojects.readonly","https://www.googleapis.com/auth/firebase","https://www.googleapis.com/auth/cloud-platform"]
[debug] [2025-01-21T20:02:28.209Z] > authorizing via signed-in user (leshikekm@gmail.com)
[info] i  emulators: Starting emulators: functions, extensions {"metadata":{"emulator":{"name":"hub"},"message":"Starting emulators: functions, extensions"}}
[debug] [2025-01-21T20:02:28.217Z] Checked if tokens are valid: false, expires at: 1737216628115
[debug] [2025-01-21T20:02:28.218Z] Checked if tokens are valid: false, expires at: 1737216628115
[debug] [2025-01-21T20:02:28.219Z] > refreshing access token with scopes: []
[debug] [2025-01-21T20:02:28.230Z] >>> [apiv2][query] POST https://www.googleapis.com/oauth2/v3/token [none]
[debug] [2025-01-21T20:02:28.230Z] >>> [apiv2][body] POST https://www.googleapis.com/oauth2/v3/token [omitted]
[debug] [2025-01-21T20:02:28.713Z] <<< [apiv2][status] POST https://www.googleapis.com/oauth2/v3/token 200
[debug] [2025-01-21T20:02:28.713Z] <<< [apiv2][body] POST https://www.googleapis.com/oauth2/v3/token [omitted]
[debug] [2025-01-21T20:02:28.726Z] >>> [apiv2][query] GET https://cloudresourcemanager.googleapis.com/v1/projects/clone-kml [none]
[debug] [2025-01-21T20:02:30.603Z] <<< [apiv2][status] GET https://cloudresourcemanager.googleapis.com/v1/projects/clone-kml 200
[debug] [2025-01-21T20:02:30.604Z] <<< [apiv2][body] GET https://cloudresourcemanager.googleapis.com/v1/projects/clone-kml {"projectNumber":"230474930362","projectId":"clone-kml","lifecycleState":"ACTIVE","name":"Amazon-clone-kml","labels":{"firebase":"enabled","firebase-core":"disabled"},"createTime":"2024-12-07T08:41:38.111604Z"}
[debug] [2025-01-21T20:02:30.619Z] [logging] Logging Emulator only supports listening on one address (127.0.0.1). Not listening on ::1
[debug] [2025-01-21T20:02:30.620Z] assigned listening specs for emulators {"user":{"hub":[{"address":"127.0.0.1","family":"IPv4","port":4400},{"address":"::1","family":"IPv6","port":4400}],"ui":[{"address":"127.0.0.1","family":"IPv4","port":4000},{"address":"::1","family":"IPv6","port":4000}],"logging":[{"address":"127.0.0.1","family":"IPv4","port":4500}]},"metadata":{"message":"assigned listening specs for emulators"}}
[debug] [2025-01-21T20:02:30.629Z] [hub] writing locator at C:\Users\leshi\AppData\Local\Temp\hub-clone-kml.json
[debug] [2025-01-21T20:02:30.643Z] [Extensions] Started Extensions emulator, this is a noop.
[debug] [2025-01-21T20:02:30.651Z] [functions] Functions Emulator only supports listening on one address (127.0.0.1). Not listening on ::1
[debug] [2025-01-21T20:02:30.651Z] [eventarc] Eventarc Emulator only supports listening on one address (127.0.0.1). Not listening on ::1
[debug] [2025-01-21T20:02:30.651Z] [tasks] Cloud Tasks Emulator only supports listening on one address (127.0.0.1). Not listening on ::1
[debug] [2025-01-21T20:02:30.651Z] late-assigned ports for functions and eventarc emulators {"user":{"hub":[{"address":"127.0.0.1","family":"IPv4","port":4400},{"address":"::1","family":"IPv6","port":4400}],"ui":[{"address":"127.0.0.1","family":"IPv4","port":4000},{"address":"::1","family":"IPv6","port":4000}],"logging":[{"address":"127.0.0.1","family":"IPv4","port":4500}],"functions":[{"address":"127.0.0.1","family":"IPv4","port":5001}],"eventarc":[{"address":"127.0.0.1","family":"IPv4","port":9299}],"tasks":[{"address":"127.0.0.1","family":"IPv4","port":9499}]},"metadata":{"message":"late-assigned ports for functions and eventarc emulators"}}
[warn] !  functions: The following emulators are not running, calls to these services from the Functions emulator will affect production: apphosting, auth, firestore, database, hosting, pubsub, storage, dataconnect {"metadata":{"emulator":{"name":"functions"},"message":"The following emulators are not running, calls to these services from the Functions emulator will affect production: \u001b[1mapphosting, auth, firestore, database, hosting, pubsub, storage, dataconnect\u001b[22m"}}
[debug] [2025-01-21T20:02:30.676Z] defaultcredentials: writing to file C:\Users\leshi\AppData\Roaming\firebase\leshikekm_gmail_com_application_default_credentials.json
[debug] [2025-01-21T20:02:30.681Z] Setting GAC to C:\Users\leshi\AppData\Roaming\firebase\leshikekm_gmail_com_application_default_credentials.json {"metadata":{"emulator":{"name":"functions"},"message":"Setting GAC to C:\\Users\\leshi\\AppData\\Roaming\\firebase\\leshikekm_gmail_com_application_default_credentials.json"}}
[debug] [2025-01-21T20:02:30.683Z] Checked if tokens are valid: true, expires at: 1737493347713
[debug] [2025-01-21T20:02:30.683Z] Checked if tokens are valid: true, expires at: 1737493347713
[debug] [2025-01-21T20:02:30.683Z] >>> [apiv2][query] GET https://firebase.googleapis.com/v1beta1/projects/clone-kml/adminSdkConfig [none]
[debug] [2025-01-21T20:02:31.325Z] <<< [apiv2][status] GET https://firebase.googleapis.com/v1beta1/projects/clone-kml/adminSdkConfig 200
[debug] [2025-01-21T20:02:31.326Z] <<< [apiv2][body] GET https://firebase.googleapis.com/v1beta1/projects/clone-kml/adminSdkConfig {"projectId":"clone-kml","storageBucket":"clone-kml.firebasestorage.app"}
[debug] [2025-01-21T20:02:31.375Z] [Extensions] Connecting Extensions emulator, this is a noop.
[info] i  functions: Watching "C:\Users\leshi\Desktop\Fullstack web developer - Zaio school\Amazon Clone\amazon-clone\functions" for Cloud Functions... {"metadata":{"emulator":{"name":"functions"},"message":"Watching \"C:\\Users\\leshi\\Desktop\\Fullstack web developer - Zaio school\\Amazon Clone\\amazon-clone\\functions\" for Cloud Functions..."}}
[debug] [2025-01-21T20:02:31.407Z] Validating nodejs source
[debug] [2025-01-21T20:02:33.771Z] > [functions] package.json contents: {
  "name": "functions",
  "description": "Cloud Functions for Firebase",
  "scripts": {
    "lint": "eslint .",
    "serve": "firebase emulators:start --only functions",
    "shell": "firebase functions:shell",
    "start": "npm run shell",
    "deploy": "firebase deploy --only functions",
    "logs": "firebase functions:log"
  },
  "engines": {
    "node": "18"
  },
  "main": "index.js",
  "dependencies": {
    "cors": "^2.8.5",
    "express": "^4.21.2",
    "firebase-admin": "^12.6.0",
    "firebase-functions": "^6.0.1",
    "stripe": "^17.5.0"
  },
  "devDependencies": {
    "eslint": "^8.15.0",
    "eslint-config-google": "^0.14.0",
    "firebase-functions-test": "^3.1.0"
  },
  "private": true
}
[debug] [2025-01-21T20:02:33.772Z] Building nodejs source
[debug] [2025-01-21T20:02:33.773Z] Failed to find version of module node: reached end of search path C:\Users\leshi\Desktop\Fullstack web developer - Zaio school\Amazon Clone\amazon-clone\functions\node_modules
[warn] !  functions: Your requested "node" version "18" doesn't match your global version "22". Using node@22 from host. 
[debug] [2025-01-21T20:02:33.777Z] Could not find functions.yaml. Must use http discovery
[debug] [2025-01-21T20:02:33.789Z] Found firebase-functions binary at 'C:\Users\leshi\Desktop\Fullstack web developer - Zaio school\Amazon Clone\amazon-clone\functions\node_modules\.bin\firebase-functions'
[info] Serving at port 8086

[debug] [2025-01-21T20:02:36.017Z] Got response from /__/functions.yaml {"endpoints":{"api":{"availableMemoryMb":null,"timeoutSeconds":null,"minInstances":null,"maxInstances":null,"ingressSettings":null,"concurrency":null,"serviceAccountEmail":null,"vpc":null,"platform":"gcfv2","labels":{},"httpsTrigger":{},"entryPoint":"api"}},"specVersion":"v1alpha1","requiredAPIs":[],"extensions":{}}
[debug] [2025-01-21T20:02:40.090Z] defaultcredentials: writing to file C:\Users\leshi\AppData\Roaming\firebase\leshikekm_gmail_com_application_default_credentials.json
[debug] [2025-01-21T20:02:40.091Z] Setting GAC to C:\Users\leshi\AppData\Roaming\firebase\leshikekm_gmail_com_application_default_credentials.json {"metadata":{"emulator":{"name":"functions"},"message":"Setting GAC to C:\\Users\\leshi\\AppData\\Roaming\\firebase\\leshikekm_gmail_com_application_default_credentials.json"}}
[info] +  functions: Loaded functions definitions from source: api. {"metadata":{"emulator":{"name":"functions"},"message":"Loaded functions definitions from source: api."}}
[info] +  functions[us-central1-api]: http function initialized (http://127.0.0.1:5001/clone-kml/us-central1/api). {"metadata":{"emulator":{"name":"functions"},"message":"\u001b[1mhttp\u001b[22m function initialized (http://127.0.0.1:5001/clone-kml/us-central1/api)."}}
[debug] [2025-01-21T20:02:40.105Z] Could not find VSCode notification endpoint: FetchError: request to http://localhost:40001/vscode/notify failed, reason: . If you are not running the Firebase Data Connect VSCode extension, this is expected and not an issue.
[info] 
┌─────────────────────────────────────────────────────────────┐
│ ✔  All emulators ready! It is now safe to connect your app. │
│ i  View Emulator UI at http://127.0.0.1:4000/               │
└─────────────────────────────────────────────────────────────┘

┌────────────┬────────────────┬──────────────────────────────────┐
│ Emulator   │ Host:Port      │ View in Emulator UI              │
├────────────┼────────────────┼──────────────────────────────────┤
│ Functions  │ 127.0.0.1:5001 │ http://127.0.0.1:4000/functions  │
├────────────┼────────────────┼──────────────────────────────────┤
│ Extensions │ 127.0.0.1:5001 │ http://127.0.0.1:4000/extensions │
└────────────┴────────────────┴──────────────────────────────────┘
  Emulator Hub running at 127.0.0.1:4400
  Other reserved ports: 4500
┌─────────────────────────┬───────────────┬─────────────────────┐
│ Extension Instance Name │ Extension Ref │ View in Emulator UI │
└─────────────────────────┴───────────────┴─────────────────────┘
Issues? Report them at https://github.com/firebase/firebase-tools/issues and attach the *-debug.log files.
 
[debug] [2025-01-21T20:05:04.986Z] [work-queue] {"queuedWork":["/clone-kml/us-central1/api/payments/creat-2025-01-21T20:05:04.986Z"],"queueLength":1,"runningWork":[],"workRunningCount":0}
[debug] [2025-01-21T20:05:04.987Z] [work-queue] {"queuedWork":[],"queueLength":0,"runningWork":["/clone-kml/us-central1/api/payments/creat-2025-01-21T20:05:04.986Z"],"workRunningCount":1}
[debug] [2025-01-21T20:05:04.988Z] Accepted request POST /clone-kml/us-central1/api/payments/creat?total=NaN --> us-central1-api
[debug] [2025-01-21T20:05:04.997Z] [functions] Runtime ready! Sending request! {"metadata":{"emulator":{"name":"functions"},"message":"[functions] Runtime ready! Sending request!"}}
[debug] [2025-01-21T20:05:04.999Z] [functions] Got req.url=/clone-kml/us-central1/api/payments/creat?total=NaN, mapping to path=/payments/creat?total=NaN {"metadata":{"emulator":{"name":"functions"},"message":"[functions] Got req.url=/clone-kml/us-central1/api/payments/creat?total=NaN, mapping to path=/payments/creat?total=NaN"}}
[debug] [2025-01-21T20:05:05.058Z] [worker-pool] addWorker(us-central1-api) {"metadata":{"emulator":{"name":"functions"},"message":"[worker-pool] addWorker(us-central1-api)"}}
[debug] [2025-01-21T20:05:05.060Z] [worker-pool] Adding worker with key us-central1-api, total=1 {"metadata":{"emulator":{"name":"functions"},"message":"[worker-pool] Adding worker with key us-central1-api, total=1"}}
[debug] [2025-01-21T20:05:05.079Z] [work-queue] {"queuedWork":["/clone-kml/us-central1/api/payments/creat-2025-01-21T20:05:05.079Z"],"queueLength":1,"runningWork":["/clone-kml/us-central1/api/payments/creat-2025-01-21T20:05:04.986Z"],"workRunningCount":1}
[debug] [2025-01-21T20:05:05.080Z] [work-queue] {"queuedWork":[],"queueLength":0,"runningWork":["/clone-kml/us-central1/api/payments/creat-2025-01-21T20:05:04.986Z","/clone-kml/us-central1/api/payments/creat-2025-01-21T20:05:05.079Z"],"workRunningCount":2}
[debug] [2025-01-21T20:05:05.081Z] Accepted request POST /clone-kml/us-central1/api/payments/creat?total=NaN --> us-central1-api
[debug] [2025-01-21T20:05:05.086Z] [functions] Runtime ready! Sending request! {"metadata":{"emulator":{"name":"functions"},"message":"[functions] Runtime ready! Sending request!"}}
[debug] [2025-01-21T20:05:05.087Z] [functions] Got req.url=/clone-kml/us-central1/api/payments/creat?total=NaN, mapping to path=/payments/creat?total=NaN {"metadata":{"emulator":{"name":"functions"},"message":"[functions] Got req.url=/clone-kml/us-central1/api/payments/creat?total=NaN, mapping to path=/payments/creat?total=NaN"}}
[debug] [2025-01-21T20:05:05.108Z] [worker-pool] addWorker(us-central1-api) {"metadata":{"emulator":{"name":"functions"},"message":"[worker-pool] addWorker(us-central1-api)"}}
[debug] [2025-01-21T20:05:05.109Z] [worker-pool] Adding worker with key us-central1-api, total=2 {"metadata":{"emulator":{"name":"functions"},"message":"[worker-pool] Adding worker with key us-central1-api, total=2"}}
[info] >  (node:30104) [DEP0040] DeprecationWarning: The `punycode` module is deprecated. Please use a userland alternative instead. {"user":"(node:30104) [DEP0040] DeprecationWarning: The `punycode` module is deprecated. Please use a userland alternative instead.","metadata":{"emulator":{"name":"functions"},"function":{"name":"us-central1-api"},"extension":{},"message":"\u001b[90m> \u001b[39m (node:30104) [DEP0040] DeprecationWarning: The `punycode` module is deprecated. Please use a userland alternative instead."}}
[info] >  (Use `node --trace-deprecation ...` to show where the warning was created) {"user":"(Use `node --trace-deprecation ...` to show where the warning was created)","metadata":{"emulator":{"name":"functions"},"function":{"name":"us-central1-api"},"extension":{},"message":"\u001b[90m> \u001b[39m (Use `node --trace-deprecation ...` to show where the warning was created)"}}
[debug] [2025-01-21T20:05:08.118Z] [runtime-status] [30104] Resolved module firebase-admin {"declared":true,"installed":true,"version":"12.7.0","resolution":"C:\\Users\\leshi\\Desktop\\Fullstack web developer - Zaio school\\Amazon Clone\\amazon-clone\\functions\\node_modules\\firebase-admin\\lib\\index.js"} {"metadata":{"emulator":{"name":"functions"},"function":{"name":"us-central1-api"},"extension":{},"message":"[runtime-status] [30104] Resolved module firebase-admin {\"declared\":true,\"installed\":true,\"version\":\"12.7.0\",\"resolution\":\"C:\\\\Users\\\\leshi\\\\Desktop\\\\Fullstack web developer - Zaio school\\\\Amazon Clone\\\\amazon-clone\\\\functions\\\\node_modules\\\\firebase-admin\\\\lib\\\\index.js\"}"}}
[debug] [2025-01-21T20:05:08.122Z] [runtime-status] [30104] Resolved module firebase-functions {"declared":true,"installed":true,"version":"6.2.0","resolution":"C:\\Users\\leshi\\Desktop\\Fullstack web developer - Zaio school\\Amazon Clone\\amazon-clone\\functions\\node_modules\\firebase-functions\\lib\\v2\\index.js"} {"metadata":{"emulator":{"name":"functions"},"function":{"name":"us-central1-api"},"extension":{},"message":"[runtime-status] [30104] Resolved module firebase-functions {\"declared\":true,\"installed\":true,\"version\":\"6.2.0\",\"resolution\":\"C:\\\\Users\\\\leshi\\\\Desktop\\\\Fullstack web developer - Zaio school\\\\Amazon Clone\\\\amazon-clone\\\\functions\\\\node_modules\\\\firebase-functions\\\\lib\\\\v2\\\\index.js\"}"}}
[debug] [2025-01-21T20:05:08.124Z] [runtime-status] [30104] Outgoing network have been stubbed. [{"name":"http","status":"mocked"},{"name":"http","status":"mocked"},{"name":"https","status":"mocked"},{"name":"https","status":"mocked"},{"name":"net","status":"mocked"}] {"metadata":{"emulator":{"name":"functions"},"function":{"name":"us-central1-api"},"extension":{},"message":"[runtime-status] [30104] Outgoing network have been stubbed. [{\"name\":\"http\",\"status\":\"mocked\"},{\"name\":\"http\",\"status\":\"mocked\"},{\"name\":\"https\",\"status\":\"mocked\"},{\"name\":\"https\",\"status\":\"mocked\"},{\"name\":\"net\",\"status\":\"mocked\"}]"}}
[debug] [2025-01-21T20:05:08.126Z] [runtime-status] [30104] Resolved module firebase-functions {"declared":true,"installed":true,"version":"6.2.0","resolution":"C:\\Users\\leshi\\Desktop\\Fullstack web developer - Zaio school\\Amazon Clone\\amazon-clone\\functions\\node_modules\\firebase-functions\\lib\\v2\\index.js"} {"metadata":{"emulator":{"name":"functions"},"function":{"name":"us-central1-api"},"extension":{},"message":"[runtime-status] [30104] Resolved module firebase-functions {\"declared\":true,\"installed\":true,\"version\":\"6.2.0\",\"resolution\":\"C:\\\\Users\\\\leshi\\\\Desktop\\\\Fullstack web developer - Zaio school\\\\Amazon Clone\\\\amazon-clone\\\\functions\\\\node_modules\\\\firebase-functions\\\\lib\\\\v2\\\\index.js\"}"}}
[info] >  (node:22696) [DEP0040] DeprecationWarning: The `punycode` module is deprecated. Please use a userland alternative instead. {"user":"(node:22696) [DEP0040] DeprecationWarning: The `punycode` module is deprecated. Please use a userland alternative instead.","metadata":{"emulator":{"name":"functions"},"function":{"name":"us-central1-api"},"extension":{},"message":"\u001b[90m> \u001b[39m (node:22696) [DEP0040] DeprecationWarning: The `punycode` module is deprecated. Please use a userland alternative instead."}}
[info] >  (Use `node --trace-deprecation ...` to show where the warning was created) {"user":"(Use `node --trace-deprecation ...` to show where the warning was created)","metadata":{"emulator":{"name":"functions"},"function":{"name":"us-central1-api"},"extension":{},"message":"\u001b[90m> \u001b[39m (Use `node --trace-deprecation ...` to show where the warning was created)"}}
[debug] [2025-01-21T20:05:08.212Z] [runtime-status] [22696] Resolved module firebase-admin {"declared":true,"installed":true,"version":"12.7.0","resolution":"C:\\Users\\leshi\\Desktop\\Fullstack web developer - Zaio school\\Amazon Clone\\amazon-clone\\functions\\node_modules\\firebase-admin\\lib\\index.js"} {"metadata":{"emulator":{"name":"functions"},"function":{"name":"us-central1-api"},"extension":{},"message":"[runtime-status] [22696] Resolved module firebase-admin {\"declared\":true,\"installed\":true,\"version\":\"12.7.0\",\"resolution\":\"C:\\\\Users\\\\leshi\\\\Desktop\\\\Fullstack web developer - Zaio school\\\\Amazon Clone\\\\amazon-clone\\\\functions\\\\node_modules\\\\firebase-admin\\\\lib\\\\index.js\"}"}}
[debug] [2025-01-21T20:05:08.214Z] [runtime-status] [22696] Resolved module firebase-functions {"declared":true,"installed":true,"version":"6.2.0","resolution":"C:\\Users\\leshi\\Desktop\\Fullstack web developer - Zaio school\\Amazon Clone\\amazon-clone\\functions\\node_modules\\firebase-functions\\lib\\v2\\index.js"} {"metadata":{"emulator":{"name":"functions"},"function":{"name":"us-central1-api"},"extension":{},"message":"[runtime-status] [22696] Resolved module firebase-functions {\"declared\":true,\"installed\":true,\"version\":\"6.2.0\",\"resolution\":\"C:\\\\Users\\\\leshi\\\\Desktop\\\\Fullstack web developer - Zaio school\\\\Amazon Clone\\\\amazon-clone\\\\functions\\\\node_modules\\\\firebase-functions\\\\lib\\\\v2\\\\index.js\"}"}}
[debug] [2025-01-21T20:05:08.215Z] [runtime-status] [22696] Outgoing network have been stubbed. [{"name":"http","status":"mocked"},{"name":"http","status":"mocked"},{"name":"https","status":"mocked"},{"name":"https","status":"mocked"},{"name":"net","status":"mocked"}] {"metadata":{"emulator":{"name":"functions"},"function":{"name":"us-central1-api"},"extension":{},"message":"[runtime-status] [22696] Outgoing network have been stubbed. [{\"name\":\"http\",\"status\":\"mocked\"},{\"name\":\"http\",\"status\":\"mocked\"},{\"name\":\"https\",\"status\":\"mocked\"},{\"name\":\"https\",\"status\":\"mocked\"},{\"name\":\"net\",\"status\":\"mocked\"}]"}}
[debug] [2025-01-21T20:05:08.215Z] [runtime-status] [22696] Resolved module firebase-functions {"declared":true,"installed":true,"version":"6.2.0","resolution":"C:\\Users\\leshi\\Desktop\\Fullstack web developer - Zaio school\\Amazon Clone\\amazon-clone\\functions\\node_modules\\firebase-functions\\lib\\v2\\index.js"} {"metadata":{"emulator":{"name":"functions"},"function":{"name":"us-central1-api"},"extension":{},"message":"[runtime-status] [22696] Resolved module firebase-functions {\"declared\":true,\"installed\":true,\"version\":\"6.2.0\",\"resolution\":\"C:\\\\Users\\\\leshi\\\\Desktop\\\\Fullstack web developer - Zaio school\\\\Amazon Clone\\\\amazon-clone\\\\functions\\\\node_modules\\\\firebase-functions\\\\lib\\\\v2\\\\index.js\"}"}}
[debug] [2025-01-21T20:05:08.869Z] [runtime-status] [30104] Checked functions.config() {"config":{}} {"metadata":{"emulator":{"name":"functions"},"function":{"name":"us-central1-api"},"extension":{},"message":"[runtime-status] [30104] Checked functions.config() {\"config\":{}}"}}
[debug] [2025-01-21T20:05:08.869Z] [runtime-status] [30104] firebase-functions has been stubbed. {"functionsResolution":{"declared":true,"installed":true,"version":"6.2.0","resolution":"C:\\Users\\leshi\\Desktop\\Fullstack web developer - Zaio school\\Amazon Clone\\amazon-clone\\functions\\node_modules\\firebase-functions\\lib\\v2\\index.js"}} {"metadata":{"emulator":{"name":"functions"},"function":{"name":"us-central1-api"},"extension":{},"message":"[runtime-status] [30104] firebase-functions has been stubbed. {\"functionsResolution\":{\"declared\":true,\"installed\":true,\"version\":\"6.2.0\",\"resolution\":\"C:\\\\Users\\\\leshi\\\\Desktop\\\\Fullstack web developer - Zaio school\\\\Amazon Clone\\\\amazon-clone\\\\functions\\\\node_modules\\\\firebase-functions\\\\lib\\\\v2\\\\index.js\"}}"}}
[debug] [2025-01-21T20:05:08.870Z] [runtime-status] [30104] Resolved module firebase-functions {"declared":true,"installed":true,"version":"6.2.0","resolution":"C:\\Users\\leshi\\Desktop\\Fullstack web developer - Zaio school\\Amazon Clone\\amazon-clone\\functions\\node_modules\\firebase-functions\\lib\\v2\\index.js"} {"metadata":{"emulator":{"name":"functions"},"function":{"name":"us-central1-api"},"extension":{},"message":"[runtime-status] [30104] Resolved module firebase-functions {\"declared\":true,\"installed\":true,\"version\":\"6.2.0\",\"resolution\":\"C:\\\\Users\\\\leshi\\\\Desktop\\\\Fullstack web developer - Zaio school\\\\Amazon Clone\\\\amazon-clone\\\\functions\\\\node_modules\\\\firebase-functions\\\\lib\\\\v2\\\\index.js\"}"}}
[debug] [2025-01-21T20:05:08.897Z] [runtime-status] [30104] Resolved module firebase-admin {"declared":true,"installed":true,"version":"12.7.0","resolution":"C:\\Users\\leshi\\Desktop\\Fullstack web developer - Zaio school\\Amazon Clone\\amazon-clone\\functions\\node_modules\\firebase-admin\\lib\\index.js"} {"metadata":{"emulator":{"name":"functions"},"function":{"name":"us-central1-api"},"extension":{},"message":"[runtime-status] [30104] Resolved module firebase-admin {\"declared\":true,\"installed\":true,\"version\":\"12.7.0\",\"resolution\":\"C:\\\\Users\\\\leshi\\\\Desktop\\\\Fullstack web developer - Zaio school\\\\Amazon Clone\\\\amazon-clone\\\\functions\\\\node_modules\\\\firebase-admin\\\\lib\\\\index.js\"}"}}
[debug] [2025-01-21T20:05:08.901Z] [runtime-status] [22696] Checked functions.config() {"config":{}} {"metadata":{"emulator":{"name":"functions"},"function":{"name":"us-central1-api"},"extension":{},"message":"[runtime-status] [22696] Checked functions.config() {\"config\":{}}"}}
[debug] [2025-01-21T20:05:08.902Z] [runtime-status] [22696] firebase-functions has been stubbed. {"functionsResolution":{"declared":true,"installed":true,"version":"6.2.0","resolution":"C:\\Users\\leshi\\Desktop\\Fullstack web developer - Zaio school\\Amazon Clone\\amazon-clone\\functions\\node_modules\\firebase-functions\\lib\\v2\\index.js"}} {"metadata":{"emulator":{"name":"functions"},"function":{"name":"us-central1-api"},"extension":{},"message":"[runtime-status] [22696] firebase-functions has been stubbed. {\"functionsResolution\":{\"declared\":true,\"installed\":true,\"version\":\"6.2.0\",\"resolution\":\"C:\\\\Users\\\\leshi\\\\Desktop\\\\Fullstack web developer - Zaio school\\\\Amazon Clone\\\\amazon-clone\\\\functions\\\\node_modules\\\\firebase-functions\\\\lib\\\\v2\\\\index.js\"}}"}}
[debug] [2025-01-21T20:05:08.903Z] [runtime-status] [22696] Resolved module firebase-functions {"declared":true,"installed":true,"version":"6.2.0","resolution":"C:\\Users\\leshi\\Desktop\\Fullstack web developer - Zaio school\\Amazon Clone\\amazon-clone\\functions\\node_modules\\firebase-functions\\lib\\v2\\index.js"} {"metadata":{"emulator":{"name":"functions"},"function":{"name":"us-central1-api"},"extension":{},"message":"[runtime-status] [22696] Resolved module firebase-functions {\"declared\":true,\"installed\":true,\"version\":\"6.2.0\",\"resolution\":\"C:\\\\Users\\\\leshi\\\\Desktop\\\\Fullstack web developer - Zaio school\\\\Amazon Clone\\\\amazon-clone\\\\functions\\\\node_modules\\\\firebase-functions\\\\lib\\\\v2\\\\index.js\"}"}}
[debug] [2025-01-21T20:05:08.905Z] [runtime-status] [30104] Resolved module firebase-functions {"declared":true,"installed":true,"version":"6.2.0","resolution":"C:\\Users\\leshi\\Desktop\\Fullstack web developer - Zaio school\\Amazon Clone\\amazon-clone\\functions\\node_modules\\firebase-functions\\lib\\v2\\index.js"} {"metadata":{"emulator":{"name":"functions"},"function":{"name":"us-central1-api"},"extension":{},"message":"[runtime-status] [30104] Resolved module firebase-functions {\"declared\":true,\"installed\":true,\"version\":\"6.2.0\",\"resolution\":\"C:\\\\Users\\\\leshi\\\\Desktop\\\\Fullstack web developer - Zaio school\\\\Amazon Clone\\\\amazon-clone\\\\functions\\\\node_modules\\\\firebase-functions\\\\lib\\\\v2\\\\index.js\"}"}}
[debug] [2025-01-21T20:05:08.905Z] [runtime-status] [30104] firebase-admin has been stubbed. {"adminResolution":{"declared":true,"installed":true,"version":"12.7.0","resolution":"C:\\Users\\leshi\\Desktop\\Fullstack web developer - Zaio school\\Amazon Clone\\amazon-clone\\functions\\node_modules\\firebase-admin\\lib\\index.js"}} {"metadata":{"emulator":{"name":"functions"},"function":{"name":"us-central1-api"},"extension":{},"message":"[runtime-status] [30104] firebase-admin has been stubbed. {\"adminResolution\":{\"declared\":true,\"installed\":true,\"version\":\"12.7.0\",\"resolution\":\"C:\\\\Users\\\\leshi\\\\Desktop\\\\Fullstack web developer - Zaio school\\\\Amazon Clone\\\\amazon-clone\\\\functions\\\\node_modules\\\\firebase-admin\\\\lib\\\\index.js\"}}"}}
[debug] [2025-01-21T20:05:08.916Z] [runtime-status] [22696] Resolved module firebase-admin {"declared":true,"installed":true,"version":"12.7.0","resolution":"C:\\Users\\leshi\\Desktop\\Fullstack web developer - Zaio school\\Amazon Clone\\amazon-clone\\functions\\node_modules\\firebase-admin\\lib\\index.js"} {"metadata":{"emulator":{"name":"functions"},"function":{"name":"us-central1-api"},"extension":{},"message":"[runtime-status] [22696] Resolved module firebase-admin {\"declared\":true,\"installed\":true,\"version\":\"12.7.0\",\"resolution\":\"C:\\\\Users\\\\leshi\\\\Desktop\\\\Fullstack web developer - Zaio school\\\\Amazon Clone\\\\amazon-clone\\\\functions\\\\node_modules\\\\firebase-admin\\\\lib\\\\index.js\"}"}}
[debug] [2025-01-21T20:05:08.922Z] [runtime-status] [22696] Resolved module firebase-functions {"declared":true,"installed":true,"version":"6.2.0","resolution":"C:\\Users\\leshi\\Desktop\\Fullstack web developer - Zaio school\\Amazon Clone\\amazon-clone\\functions\\node_modules\\firebase-functions\\lib\\v2\\index.js"} {"metadata":{"emulator":{"name":"functions"},"function":{"name":"us-central1-api"},"extension":{},"message":"[runtime-status] [22696] Resolved module firebase-functions {\"declared\":true,\"installed\":true,\"version\":\"6.2.0\",\"resolution\":\"C:\\\\Users\\\\leshi\\\\Desktop\\\\Fullstack web developer - Zaio school\\\\Amazon Clone\\\\amazon-clone\\\\functions\\\\node_modules\\\\firebase-functions\\\\lib\\\\v2\\\\index.js\"}"}}
[debug] [2025-01-21T20:05:08.922Z] [runtime-status] [22696] firebase-admin has been stubbed. {"adminResolution":{"declared":true,"installed":true,"version":"12.7.0","resolution":"C:\\Users\\leshi\\Desktop\\Fullstack web developer - Zaio school\\Amazon Clone\\amazon-clone\\functions\\node_modules\\firebase-admin\\lib\\index.js"}} {"metadata":{"emulator":{"name":"functions"},"function":{"name":"us-central1-api"},"extension":{},"message":"[runtime-status] [22696] firebase-admin has been stubbed. {\"adminResolution\":{\"declared\":true,\"installed\":true,\"version\":\"12.7.0\",\"resolution\":\"C:\\\\Users\\\\leshi\\\\Desktop\\\\Fullstack web developer - Zaio school\\\\Amazon Clone\\\\amazon-clone\\\\functions\\\\node_modules\\\\firebase-admin\\\\lib\\\\index.js\"}}"}}
[debug] [2025-01-21T20:05:09.380Z] [runtime-status] [30104] Functions runtime initialized. {"cwd":"C:\\Users\\leshi\\Desktop\\Fullstack web developer - Zaio school\\Amazon Clone\\amazon-clone\\functions","node_version":"22.11.0"} {"metadata":{"emulator":{"name":"functions"},"function":{"name":"us-central1-api"},"extension":{},"message":"[runtime-status] [30104] Functions runtime initialized. {\"cwd\":\"C:\\\\Users\\\\leshi\\\\Desktop\\\\Fullstack web developer - Zaio school\\\\Amazon Clone\\\\amazon-clone\\\\functions\",\"node_version\":\"22.11.0\"}"}}
[debug] [2025-01-21T20:05:09.384Z] [runtime-status] [30104] Listening to port: \\?\pipe\fire_emu_f1846dedb332f602 {"metadata":{"emulator":{"name":"functions"},"function":{"name":"us-central1-api"},"extension":{},"message":"[runtime-status] [30104] Listening to port: \\\\?\\pipe\\fire_emu_f1846dedb332f602"}}
[debug] [2025-01-21T20:05:09.417Z] [runtime-status] [22696] Functions runtime initialized. {"cwd":"C:\\Users\\leshi\\Desktop\\Fullstack web developer - Zaio school\\Amazon Clone\\amazon-clone\\functions","node_version":"22.11.0"} {"metadata":{"emulator":{"name":"functions"},"function":{"name":"us-central1-api"},"extension":{},"message":"[runtime-status] [22696] Functions runtime initialized. {\"cwd\":\"C:\\\\Users\\\\leshi\\\\Desktop\\\\Fullstack web developer - Zaio school\\\\Amazon Clone\\\\amazon-clone\\\\functions\",\"node_version\":\"22.11.0\"}"}}
[debug] [2025-01-21T20:05:09.419Z] [runtime-status] [22696] Listening to port: \\?\pipe\fire_emu_e165277d0cf55f61 {"metadata":{"emulator":{"name":"functions"},"function":{"name":"us-central1-api"},"extension":{},"message":"[runtime-status] [22696] Listening to port: \\\\?\\pipe\\fire_emu_e165277d0cf55f61"}}
[debug] [2025-01-21T20:05:09.464Z] [worker-us-central1-api-5a8213fa-9582-4192-9357-ba72efbc06d8]: IDLE {"metadata":{"emulator":{"name":"functions"},"function":{"name":"us-central1-api"},"extension":{},"message":"[worker-us-central1-api-5a8213fa-9582-4192-9357-ba72efbc06d8]: IDLE"}}
[debug] [2025-01-21T20:05:09.465Z] [worker-pool] submitRequest(triggerId=us-central1-api) {"metadata":{"emulator":{"name":"functions"},"message":"[worker-pool] submitRequest(triggerId=us-central1-api)"}}
[info] i  functions: Beginning execution of "us-central1-api" {"metadata":{"emulator":{"name":"functions"},"function":{"name":"us-central1-api"},"extension":{},"message":"Beginning execution of \"us-central1-api\""}}
[debug] [2025-01-21T20:05:09.551Z] [worker-us-central1-api-5a8213fa-9582-4192-9357-ba72efbc06d8]: BUSY {"metadata":{"emulator":{"name":"functions"},"function":{"name":"us-central1-api"},"extension":{},"message":"[worker-us-central1-api-5a8213fa-9582-4192-9357-ba72efbc06d8]: BUSY"}}
[debug] [2025-01-21T20:05:09.553Z] [worker-us-central1-api-02dd7b78-575d-462c-84fd-d221c5f46fe6]: IDLE {"metadata":{"emulator":{"name":"functions"},"function":{"name":"us-central1-api"},"extension":{},"message":"[worker-us-central1-api-02dd7b78-575d-462c-84fd-d221c5f46fe6]: IDLE"}}
[debug] [2025-01-21T20:05:09.553Z] [worker-pool] submitRequest(triggerId=us-central1-api) {"metadata":{"emulator":{"name":"functions"},"message":"[worker-pool] submitRequest(triggerId=us-central1-api)"}}
[info] i  functions: Beginning execution of "us-central1-api" {"metadata":{"emulator":{"name":"functions"},"function":{"name":"us-central1-api"},"extension":{},"message":"Beginning execution of \"us-central1-api\""}}
[debug] [2025-01-21T20:05:09.568Z] [worker-us-central1-api-02dd7b78-575d-462c-84fd-d221c5f46fe6]: BUSY {"metadata":{"emulator":{"name":"functions"},"function":{"name":"us-central1-api"},"extension":{},"message":"[worker-us-central1-api-02dd7b78-575d-462c-84fd-d221c5f46fe6]: BUSY"}}
[debug] [2025-01-21T20:05:09.585Z] Finishing up request with event=pause {"metadata":{"emulator":{"name":"functions"},"function":{"name":"us-central1-api"},"extension":{},"message":"Finishing up request with event=pause"}}
[info] i  functions: Finished "us-central1-api" in 34.9752ms {"metadata":{"emulator":{"name":"functions"},"function":{"name":"us-central1-api"},"extension":{},"message":"Finished \"us-central1-api\" in 34.9752ms"}}
[debug] [2025-01-21T20:05:09.592Z] [worker-us-central1-api-5a8213fa-9582-4192-9357-ba72efbc06d8]: IDLE {"metadata":{"emulator":{"name":"functions"},"function":{"name":"us-central1-api"},"extension":{},"message":"[worker-us-central1-api-5a8213fa-9582-4192-9357-ba72efbc06d8]: IDLE"}}
[debug] [2025-01-21T20:05:09.592Z] Finishing up request with event=finish {"metadata":{"emulator":{"name":"functions"},"function":{"name":"us-central1-api"},"extension":{},"message":"Finishing up request with event=finish"}}
[debug] [2025-01-21T20:05:09.592Z] Finishing up request with event=close {"metadata":{"emulator":{"name":"functions"},"function":{"name":"us-central1-api"},"extension":{},"message":"Finishing up request with event=close"}}
[debug] [2025-01-21T20:05:09.592Z] [work-queue] {"queuedWork":[],"queueLength":0,"runningWork":["/clone-kml/us-central1/api/payments/creat-2025-01-21T20:05:04.986Z"],"workRunningCount":1}
[debug] [2025-01-21T20:05:09.598Z] Finishing up request with event=pause {"metadata":{"emulator":{"name":"functions"},"function":{"name":"us-central1-api"},"extension":{},"message":"Finishing up request with event=pause"}}
[info] i  functions: Finished "us-central1-api" in 31.0899ms {"metadata":{"emulator":{"name":"functions"},"function":{"name":"us-central1-api"},"extension":{},"message":"Finished \"us-central1-api\" in 31.0899ms"}}
[debug] [2025-01-21T20:05:09.600Z] [worker-us-central1-api-02dd7b78-575d-462c-84fd-d221c5f46fe6]: IDLE {"metadata":{"emulator":{"name":"functions"},"function":{"name":"us-central1-api"},"extension":{},"message":"[worker-us-central1-api-02dd7b78-575d-462c-84fd-d221c5f46fe6]: IDLE"}}
[debug] [2025-01-21T20:05:09.600Z] Finishing up request with event=finish {"metadata":{"emulator":{"name":"functions"},"function":{"name":"us-central1-api"},"extension":{},"message":"Finishing up request with event=finish"}}
[debug] [2025-01-21T20:05:09.600Z] Finishing up request with event=close {"metadata":{"emulator":{"name":"functions"},"function":{"name":"us-central1-api"},"extension":{},"message":"Finishing up request with event=close"}}
[debug] [2025-01-21T20:05:09.601Z] [work-queue] {"queuedWork":[],"queueLength":0,"runningWork":[],"workRunningCount":0}
[debug] [2025-01-21T20:13:12.326Z] [work-queue] {"queuedWork":["/clone-kml/us-central1/api-2025-01-21T20:13:12.326Z"],"queueLength":1,"runningWork":[],"workRunningCount":0}
[debug] [2025-01-21T20:13:12.327Z] [work-queue] {"queuedWork":[],"queueLength":0,"runningWork":["/clone-kml/us-central1/api-2025-01-21T20:13:12.326Z"],"workRunningCount":1}
[debug] [2025-01-21T20:13:12.327Z] Accepted request GET /clone-kml/us-central1/api --> us-central1-api
[debug] [2025-01-21T20:13:12.332Z] [functions] Runtime ready! Sending request! {"metadata":{"emulator":{"name":"functions"},"message":"[functions] Runtime ready! Sending request!"}}
[debug] [2025-01-21T20:13:12.333Z] [functions] Got req.url=/clone-kml/us-central1/api, mapping to path=/ {"metadata":{"emulator":{"name":"functions"},"message":"[functions] Got req.url=/clone-kml/us-central1/api, mapping to path=/"}}
[debug] [2025-01-21T20:13:12.334Z] [worker-pool] submitRequest(triggerId=us-central1-api) {"metadata":{"emulator":{"name":"functions"},"message":"[worker-pool] submitRequest(triggerId=us-central1-api)"}}
[info] i  functions: Beginning execution of "us-central1-api" {"metadata":{"emulator":{"name":"functions"},"function":{"name":"us-central1-api"},"extension":{},"message":"Beginning execution of \"us-central1-api\""}}
[debug] [2025-01-21T20:13:12.336Z] [worker-us-central1-api-02dd7b78-575d-462c-84fd-d221c5f46fe6]: BUSY {"metadata":{"emulator":{"name":"functions"},"function":{"name":"us-central1-api"},"extension":{},"message":"[worker-us-central1-api-02dd7b78-575d-462c-84fd-d221c5f46fe6]: BUSY"}}
[debug] [2025-01-21T20:13:12.346Z] Finishing up request with event=pause {"metadata":{"emulator":{"name":"functions"},"function":{"name":"us-central1-api"},"extension":{},"message":"Finishing up request with event=pause"}}
[info] i  functions: Finished "us-central1-api" in 9.7926ms {"metadata":{"emulator":{"name":"functions"},"function":{"name":"us-central1-api"},"extension":{},"message":"Finished \"us-central1-api\" in 9.7926ms"}}
[debug] [2025-01-21T20:13:12.353Z] [worker-us-central1-api-02dd7b78-575d-462c-84fd-d221c5f46fe6]: IDLE {"metadata":{"emulator":{"name":"functions"},"function":{"name":"us-central1-api"},"extension":{},"message":"[worker-us-central1-api-02dd7b78-575d-462c-84fd-d221c5f46fe6]: IDLE"}}
[debug] [2025-01-21T20:13:12.354Z] Finishing up request with event=finish {"metadata":{"emulator":{"name":"functions"},"function":{"name":"us-central1-api"},"extension":{},"message":"Finishing up request with event=finish"}}
[debug] [2025-01-21T20:13:12.354Z] Finishing up request with event=close {"metadata":{"emulator":{"name":"functions"},"function":{"name":"us-central1-api"},"extension":{},"message":"Finishing up request with event=close"}}
[debug] [2025-01-21T20:13:12.354Z] [work-queue] {"queuedWork":[],"queueLength":0,"runningWork":[],"workRunningCount":0}
[debug] [2025-01-21T20:13:14.794Z] [work-queue] {"queuedWork":["/clone-kml/us-central1/api-2025-01-21T20:13:14.794Z"],"queueLength":1,"runningWork":[],"workRunningCount":0}
[debug] [2025-01-21T20:13:14.794Z] [work-queue] {"queuedWork":[],"queueLength":0,"runningWork":["/clone-kml/us-central1/api-2025-01-21T20:13:14.794Z"],"workRunningCount":1}
[debug] [2025-01-21T20:13:14.794Z] Accepted request GET /clone-kml/us-central1/api --> us-central1-api
[debug] [2025-01-21T20:13:14.796Z] [functions] Runtime ready! Sending request! {"metadata":{"emulator":{"name":"functions"},"message":"[functions] Runtime ready! Sending request!"}}
[debug] [2025-01-21T20:13:14.796Z] [functions] Got req.url=/clone-kml/us-central1/api, mapping to path=/ {"metadata":{"emulator":{"name":"functions"},"message":"[functions] Got req.url=/clone-kml/us-central1/api, mapping to path=/"}}
[debug] [2025-01-21T20:13:14.796Z] [worker-pool] submitRequest(triggerId=us-central1-api) {"metadata":{"emulator":{"name":"functions"},"message":"[worker-pool] submitRequest(triggerId=us-central1-api)"}}
[info] i  functions: Beginning execution of "us-central1-api" {"metadata":{"emulator":{"name":"functions"},"function":{"name":"us-central1-api"},"extension":{},"message":"Beginning execution of \"us-central1-api\""}}
[debug] [2025-01-21T20:13:14.797Z] [worker-us-central1-api-02dd7b78-575d-462c-84fd-d221c5f46fe6]: BUSY {"metadata":{"emulator":{"name":"functions"},"function":{"name":"us-central1-api"},"extension":{},"message":"[worker-us-central1-api-02dd7b78-575d-462c-84fd-d221c5f46fe6]: BUSY"}}
[debug] [2025-01-21T20:13:14.813Z] Finishing up request with event=pause {"metadata":{"emulator":{"name":"functions"},"function":{"name":"us-central1-api"},"extension":{},"message":"Finishing up request with event=pause"}}
[info] i  functions: Finished "us-central1-api" in 15.6928ms {"metadata":{"emulator":{"name":"functions"},"function":{"name":"us-central1-api"},"extension":{},"message":"Finished \"us-central1-api\" in 15.6928ms"}}
[debug] [2025-01-21T20:13:14.820Z] [worker-us-central1-api-02dd7b78-575d-462c-84fd-d221c5f46fe6]: IDLE {"metadata":{"emulator":{"name":"functions"},"function":{"name":"us-central1-api"},"extension":{},"message":"[worker-us-central1-api-02dd7b78-575d-462c-84fd-d221c5f46fe6]: IDLE"}}
[debug] [2025-01-21T20:13:14.820Z] Finishing up request with event=finish {"metadata":{"emulator":{"name":"functions"},"function":{"name":"us-central1-api"},"extension":{},"message":"Finishing up request with event=finish"}}
[debug] [2025-01-21T20:13:14.823Z] Finishing up request with event=close {"metadata":{"emulator":{"name":"functions"},"function":{"name":"us-central1-api"},"extension":{},"message":"Finishing up request with event=close"}}
[debug] [2025-01-21T20:13:14.824Z] [work-queue] {"queuedWork":[],"queueLength":0,"runningWork":[],"workRunningCount":0}
[debug] [2025-01-21T20:13:39.434Z] [work-queue] {"queuedWork":["/clone-kml/us-central1/api/payments/creat-2025-01-21T20:13:39.434Z"],"queueLength":1,"runningWork":[],"workRunningCount":0}
[debug] [2025-01-21T20:13:39.434Z] [work-queue] {"queuedWork":[],"queueLength":0,"runningWork":["/clone-kml/us-central1/api/payments/creat-2025-01-21T20:13:39.434Z"],"workRunningCount":1}
[debug] [2025-01-21T20:13:39.434Z] Accepted request POST /clone-kml/us-central1/api/payments/creat?total=0 --> us-central1-api
[debug] [2025-01-21T20:13:39.439Z] [functions] Runtime ready! Sending request! {"metadata":{"emulator":{"name":"functions"},"message":"[functions] Runtime ready! Sending request!"}}
[debug] [2025-01-21T20:13:39.439Z] [functions] Got req.url=/clone-kml/us-central1/api/payments/creat?total=0, mapping to path=/payments/creat?total=0 {"metadata":{"emulator":{"name":"functions"},"message":"[functions] Got req.url=/clone-kml/us-central1/api/payments/creat?total=0, mapping to path=/payments/creat?total=0"}}
[debug] [2025-01-21T20:13:39.440Z] [worker-pool] submitRequest(triggerId=us-central1-api) {"metadata":{"emulator":{"name":"functions"},"message":"[worker-pool] submitRequest(triggerId=us-central1-api)"}}
[info] i  functions: Beginning execution of "us-central1-api" {"metadata":{"emulator":{"name":"functions"},"function":{"name":"us-central1-api"},"extension":{},"message":"Beginning execution of \"us-central1-api\""}}
[debug] [2025-01-21T20:13:39.441Z] [worker-us-central1-api-02dd7b78-575d-462c-84fd-d221c5f46fe6]: BUSY {"metadata":{"emulator":{"name":"functions"},"function":{"name":"us-central1-api"},"extension":{},"message":"[worker-us-central1-api-02dd7b78-575d-462c-84fd-d221c5f46fe6]: BUSY"}}
[debug] [2025-01-21T20:13:39.443Z] [work-queue] {"queuedWork":["/clone-kml/us-central1/api/payments/creat-2025-01-21T20:13:39.443Z"],"queueLength":1,"runningWork":["/clone-kml/us-central1/api/payments/creat-2025-01-21T20:13:39.434Z"],"workRunningCount":1}
[debug] [2025-01-21T20:13:39.443Z] [work-queue] {"queuedWork":[],"queueLength":0,"runningWork":["/clone-kml/us-central1/api/payments/creat-2025-01-21T20:13:39.434Z","/clone-kml/us-central1/api/payments/creat-2025-01-21T20:13:39.443Z"],"workRunningCount":2}
[debug] [2025-01-21T20:13:39.443Z] Accepted request POST /clone-kml/us-central1/api/payments/creat?total=0 --> us-central1-api
[debug] [2025-01-21T20:13:39.447Z] [functions] Runtime ready! Sending request! {"metadata":{"emulator":{"name":"functions"},"message":"[functions] Runtime ready! Sending request!"}}
[debug] [2025-01-21T20:13:39.448Z] [functions] Got req.url=/clone-kml/us-central1/api/payments/creat?total=0, mapping to path=/payments/creat?total=0 {"metadata":{"emulator":{"name":"functions"},"message":"[functions] Got req.url=/clone-kml/us-central1/api/payments/creat?total=0, mapping to path=/payments/creat?total=0"}}
[debug] [2025-01-21T20:13:39.448Z] [worker-pool] submitRequest(triggerId=us-central1-api) {"metadata":{"emulator":{"name":"functions"},"message":"[worker-pool] submitRequest(triggerId=us-central1-api)"}}
[info] i  functions: Beginning execution of "us-central1-api" {"metadata":{"emulator":{"name":"functions"},"function":{"name":"us-central1-api"},"extension":{},"message":"Beginning execution of \"us-central1-api\""}}
[debug] [2025-01-21T20:13:39.450Z] [worker-us-central1-api-5a8213fa-9582-4192-9357-ba72efbc06d8]: BUSY {"metadata":{"emulator":{"name":"functions"},"function":{"name":"us-central1-api"},"extension":{},"message":"[worker-us-central1-api-5a8213fa-9582-4192-9357-ba72efbc06d8]: BUSY"}}
[debug] [2025-01-21T20:13:39.455Z] Finishing up request with event=pause {"metadata":{"emulator":{"name":"functions"},"function":{"name":"us-central1-api"},"extension":{},"message":"Finishing up request with event=pause"}}
[info] i  functions: Finished "us-central1-api" in 14.5977ms {"metadata":{"emulator":{"name":"functions"},"function":{"name":"us-central1-api"},"extension":{},"message":"Finished \"us-central1-api\" in 14.5977ms"}}
[debug] [2025-01-21T20:13:39.457Z] [worker-us-central1-api-02dd7b78-575d-462c-84fd-d221c5f46fe6]: IDLE {"metadata":{"emulator":{"name":"functions"},"function":{"name":"us-central1-api"},"extension":{},"message":"[worker-us-central1-api-02dd7b78-575d-462c-84fd-d221c5f46fe6]: IDLE"}}
[debug] [2025-01-21T20:13:39.457Z] Finishing up request with event=finish {"metadata":{"emulator":{"name":"functions"},"function":{"name":"us-central1-api"},"extension":{},"message":"Finishing up request with event=finish"}}
[debug] [2025-01-21T20:13:39.457Z] Finishing up request with event=close {"metadata":{"emulator":{"name":"functions"},"function":{"name":"us-central1-api"},"extension":{},"message":"Finishing up request with event=close"}}
[debug] [2025-01-21T20:13:39.457Z] [work-queue] {"queuedWork":[],"queueLength":0,"runningWork":["/clone-kml/us-central1/api/payments/creat-2025-01-21T20:13:39.443Z"],"workRunningCount":1}
[debug] [2025-01-21T20:13:39.461Z] Finishing up request with event=pause {"metadata":{"emulator":{"name":"functions"},"function":{"name":"us-central1-api"},"extension":{},"message":"Finishing up request with event=pause"}}
[info] i  functions: Finished "us-central1-api" in 10.8609ms {"metadata":{"emulator":{"name":"functions"},"function":{"name":"us-central1-api"},"extension":{},"message":"Finished \"us-central1-api\" in 10.8609ms"}}
[debug] [2025-01-21T20:13:39.463Z] [worker-us-central1-api-5a8213fa-9582-4192-9357-ba72efbc06d8]: IDLE {"metadata":{"emulator":{"name":"functions"},"function":{"name":"us-central1-api"},"extension":{},"message":"[worker-us-central1-api-5a8213fa-9582-4192-9357-ba72efbc06d8]: IDLE"}}
[debug] [2025-01-21T20:13:39.463Z] Finishing up request with event=finish {"metadata":{"emulator":{"name":"functions"},"function":{"name":"us-central1-api"},"extension":{},"message":"Finishing up request with event=finish"}}
[debug] [2025-01-21T20:13:39.463Z] Finishing up request with event=close {"metadata":{"emulator":{"name":"functions"},"function":{"name":"us-central1-api"},"extension":{},"message":"Finishing up request with event=close"}}
[debug] [2025-01-21T20:13:39.463Z] [work-queue] {"queuedWork":[],"queueLength":0,"runningWork":[],"workRunningCount":0}
